\BOOKMARK [0][-]{chapter.1}{\376\377\0001\000\040\000N\000a\000m\000e\000s\000p\000a\000c\000e\000\040\000I\000n\000d\000e\000x}{}% 1
\BOOKMARK [1][-]{section.1.1}{\376\377\0001\000.\0001\000\040\000N\000a\000m\000e\000s\000p\000a\000c\000e\000\040\000L\000i\000s\000t}{chapter.1}% 2
\BOOKMARK [0][-]{chapter.2}{\376\377\0002\000\040\000C\000l\000a\000s\000s\000\040\000I\000n\000d\000e\000x}{}% 3
\BOOKMARK [1][-]{section.2.1}{\376\377\0002\000.\0001\000\040\000C\000l\000a\000s\000s\000\040\000L\000i\000s\000t}{chapter.2}% 4
\BOOKMARK [0][-]{chapter.3}{\376\377\0003\000\040\000F\000i\000l\000e\000\040\000I\000n\000d\000e\000x}{}% 5
\BOOKMARK [1][-]{section.3.1}{\376\377\0003\000.\0001\000\040\000F\000i\000l\000e\000\040\000L\000i\000s\000t}{chapter.3}% 6
\BOOKMARK [0][-]{chapter.4}{\376\377\0004\000\040\000N\000a\000m\000e\000s\000p\000a\000c\000e\000\040\000D\000o\000c\000u\000m\000e\000n\000t\000a\000t\000i\000o\000n}{}% 7
\BOOKMARK [1][-]{section.4.1}{\376\377\0004\000.\0001\000\040\000C\000h\000i\000p\000C\000h\000i\000p\000A\000r\000r\000a\000y\000\040\000N\000a\000m\000e\000s\000p\000a\000c\000e\000\040\000R\000e\000f\000e\000r\000e\000n\000c\000e}{chapter.4}% 8
\BOOKMARK [2][-]{subsection.4.1.1}{\376\377\0004\000.\0001\000.\0001\000\040\000D\000e\000t\000a\000i\000l\000e\000d\000\040\000D\000e\000s\000c\000r\000i\000p\000t\000i\000o\000n}{section.4.1}% 9
\BOOKMARK [2][-]{subsection.4.1.2}{\376\377\0004\000.\0001\000.\0002\000\040\000F\000u\000n\000c\000t\000i\000o\000n\000\040\000D\000o\000c\000u\000m\000e\000n\000t\000a\000t\000i\000o\000n}{section.4.1}% 10
\BOOKMARK [3][-]{subsubsection.4.1.2.1}{\376\377\0004\000.\0001\000.\0002\000.\0001\000\040\000m\000a\000i\000n}{subsection.4.1.2}% 11
\BOOKMARK [3][-]{subsubsection.4.1.2.2}{\376\377\0004\000.\0001\000.\0002\000.\0002\000\040\000S\000c\000a\000n\000Q\000R}{subsection.4.1.2}% 12
\BOOKMARK [2][-]{subsection.4.1.3}{\376\377\0004\000.\0001\000.\0003\000\040\000V\000a\000r\000i\000a\000b\000l\000e\000\040\000D\000o\000c\000u\000m\000e\000n\000t\000a\000t\000i\000o\000n}{section.4.1}% 13
\BOOKMARK [3][-]{subsubsection.4.1.3.1}{\376\377\0004\000.\0001\000.\0003\000.\0001\000\040\000q\000r\000I\000n\000v\000o\000k\000e\000C\000o\000u\000n\000t}{subsection.4.1.3}% 14
\BOOKMARK [3][-]{subsubsection.4.1.3.2}{\376\377\0004\000.\0001\000.\0003\000.\0002\000\040\000s\000c\000a\000n\000Q\000r\000L\000o\000g}{subsection.4.1.3}% 15
\BOOKMARK [1][-]{section.4.2}{\376\377\0004\000.\0002\000\040\000s\000t\000d\000\040\000N\000a\000m\000e\000s\000p\000a\000c\000e\000\040\000R\000e\000f\000e\000r\000e\000n\000c\000e}{chapter.4}% 16
\BOOKMARK [2][-]{subsection.4.2.1}{\376\377\0004\000.\0002\000.\0001\000\040\000F\000u\000n\000c\000t\000i\000o\000n\000\040\000D\000o\000c\000u\000m\000e\000n\000t\000a\000t\000i\000o\000n}{section.4.2}% 17
\BOOKMARK [3][-]{subsubsection.4.2.1.1}{\376\377\0004\000.\0002\000.\0001\000.\0001\000\040\000t\000o\000\137\000s\000t\000r\000i\000n\000g}{subsection.4.2.1}% 18
\BOOKMARK [3][-]{subsubsection.4.2.1.2}{\376\377\0004\000.\0002\000.\0001\000.\0002\000\040\000t\000o\000\137\000s\000t\000r\000i\000n\000g}{subsection.4.2.1}% 19
\BOOKMARK [3][-]{subsubsection.4.2.1.3}{\376\377\0004\000.\0002\000.\0001\000.\0003\000\040\000t\000o\000\137\000s\000t\000r\000i\000n\000g}{subsection.4.2.1}% 20
\BOOKMARK [3][-]{subsubsection.4.2.1.4}{\376\377\0004\000.\0002\000.\0001\000.\0004\000\040\000t\000o\000\137\000s\000t\000r\000i\000n\000g}{subsection.4.2.1}% 21
\BOOKMARK [3][-]{subsubsection.4.2.1.5}{\376\377\0004\000.\0002\000.\0001\000.\0005\000\040\000t\000o\000\137\000s\000t\000r\000i\000n\000g}{subsection.4.2.1}% 22
\BOOKMARK [3][-]{subsubsection.4.2.1.6}{\376\377\0004\000.\0002\000.\0001\000.\0006\000\040\000t\000o\000\137\000s\000t\000r\000i\000n\000g}{subsection.4.2.1}% 23
\BOOKMARK [3][-]{subsubsection.4.2.1.7}{\376\377\0004\000.\0002\000.\0001\000.\0007\000\040\000t\000o\000\137\000s\000t\000r\000i\000n\000g}{subsection.4.2.1}% 24
\BOOKMARK [0][-]{chapter.5}{\376\377\0005\000\040\000C\000l\000a\000s\000s\000\040\000D\000o\000c\000u\000m\000e\000n\000t\000a\000t\000i\000o\000n}{}% 25
\BOOKMARK [1][-]{section.5.1}{\376\377\0005\000.\0001\000\040\000A\000d\000a\000f\000r\000u\000i\000t\000\137\000P\000W\000M\000S\000e\000r\000v\000o\000D\000r\000i\000v\000e\000r\000\040\000C\000l\000a\000s\000s\000\040\000R\000e\000f\000e\000r\000e\000n\000c\000e}{chapter.5}% 26
\BOOKMARK [2][-]{subsection.5.1.1}{\376\377\0005\000.\0001\000.\0001\000\040\000D\000e\000t\000a\000i\000l\000e\000d\000\040\000D\000e\000s\000c\000r\000i\000p\000t\000i\000o\000n}{section.5.1}% 27
\BOOKMARK [2][-]{subsection.5.1.2}{\376\377\0005\000.\0001\000.\0002\000\040\000C\000o\000n\000s\000t\000r\000u\000c\000t\000o\000r\000\040\000\046\000\040\000D\000e\000s\000t\000r\000u\000c\000t\000o\000r\000\040\000D\000o\000c\000u\000m\000e\000n\000t\000a\000t\000i\000o\000n}{section.5.1}% 28
\BOOKMARK [3][-]{subsubsection.5.1.2.1}{\376\377\0005\000.\0001\000.\0002\000.\0001\000\040\000A\000d\000a\000f\000r\000u\000i\000t\000\137\000P\000W\000M\000S\000e\000r\000v\000o\000D\000r\000i\000v\000e\000r}{subsection.5.1.2}% 29
\BOOKMARK [2][-]{subsection.5.1.3}{\376\377\0005\000.\0001\000.\0003\000\040\000M\000e\000m\000b\000e\000r\000\040\000F\000u\000n\000c\000t\000i\000o\000n\000\040\000D\000o\000c\000u\000m\000e\000n\000t\000a\000t\000i\000o\000n}{section.5.1}% 30
\BOOKMARK [3][-]{subsubsection.5.1.3.1}{\376\377\0005\000.\0001\000.\0003\000.\0001\000\040\000b\000e\000g\000i\000n}{subsection.5.1.3}% 31
\BOOKMARK [3][-]{subsubsection.5.1.3.2}{\376\377\0005\000.\0001\000.\0003\000.\0002\000\040\000r\000e\000s\000e\000t}{subsection.5.1.3}% 32
\BOOKMARK [3][-]{subsubsection.5.1.3.3}{\376\377\0005\000.\0001\000.\0003\000.\0003\000\040\000s\000e\000t\000P\000i\000n}{subsection.5.1.3}% 33
\BOOKMARK [3][-]{subsubsection.5.1.3.4}{\376\377\0005\000.\0001\000.\0003\000.\0004\000\040\000s\000e\000t\000P\000W\000M}{subsection.5.1.3}% 34
\BOOKMARK [3][-]{subsubsection.5.1.3.5}{\376\377\0005\000.\0001\000.\0003\000.\0005\000\040\000s\000e\000t\000P\000W\000M\000F\000r\000e\000q}{subsection.5.1.3}% 35
\BOOKMARK [1][-]{section.5.2}{\376\377\0005\000.\0002\000\040\000C\000h\000i\000p\000C\000h\000i\000p\000A\000r\000r\000a\000y\000:\000:\000A\000r\000m\000\040\000C\000l\000a\000s\000s\000\040\000R\000e\000f\000e\000r\000e\000n\000c\000e}{chapter.5}% 36
\BOOKMARK [2][-]{subsection.5.2.1}{\376\377\0005\000.\0002\000.\0001\000\040\000D\000e\000t\000a\000i\000l\000e\000d\000\040\000D\000e\000s\000c\000r\000i\000p\000t\000i\000o\000n}{section.5.2}% 37
\BOOKMARK [2][-]{subsection.5.2.2}{\376\377\0005\000.\0002\000.\0002\000\040\000C\000o\000n\000s\000t\000r\000u\000c\000t\000o\000r\000\040\000\046\000\040\000D\000e\000s\000t\000r\000u\000c\000t\000o\000r\000\040\000D\000o\000c\000u\000m\000e\000n\000t\000a\000t\000i\000o\000n}{section.5.2}% 38
\BOOKMARK [3][-]{subsubsection.5.2.2.1}{\376\377\0005\000.\0002\000.\0002\000.\0001\000\040\000A\000r\000m}{subsection.5.2.2}% 39
\BOOKMARK [2][-]{subsection.5.2.3}{\376\377\0005\000.\0002\000.\0003\000\040\000M\000e\000m\000b\000e\000r\000\040\000F\000u\000n\000c\000t\000i\000o\000n\000\040\000D\000o\000c\000u\000m\000e\000n\000t\000a\000t\000i\000o\000n}{section.5.2}% 40
\BOOKMARK [3][-]{subsubsection.5.2.3.1}{\376\377\0005\000.\0002\000.\0003\000.\0001\000\040\000B\000a\000s\000e\000T\000i\000l\000t}{subsection.5.2.3}% 41
\BOOKMARK [3][-]{subsubsection.5.2.3.2}{\376\377\0005\000.\0002\000.\0003\000.\0002\000\040\000B\000a\000s\000e\000T\000u\000r\000n}{subsection.5.2.3}% 42
\BOOKMARK [3][-]{subsubsection.5.2.3.3}{\376\377\0005\000.\0002\000.\0003\000.\0003\000\040\000d\000B\000a\000s\000e\000T\000i\000l\000t}{subsection.5.2.3}% 43
\BOOKMARK [3][-]{subsubsection.5.2.3.4}{\376\377\0005\000.\0002\000.\0003\000.\0004\000\040\000d\000B\000a\000s\000e\000T\000u\000r\000n}{subsection.5.2.3}% 44
\BOOKMARK [3][-]{subsubsection.5.2.3.5}{\376\377\0005\000.\0002\000.\0003\000.\0005\000\040\000d\000E\000l\000b\000o\000w}{subsection.5.2.3}% 45
\BOOKMARK [3][-]{subsubsection.5.2.3.6}{\376\377\0005\000.\0002\000.\0003\000.\0006\000\040\000d\000G\000r\000i\000p\000p\000e\000r\000s}{subsection.5.2.3}% 46
\BOOKMARK [3][-]{subsubsection.5.2.3.7}{\376\377\0005\000.\0002\000.\0003\000.\0007\000\040\000d\000L\000e\000f\000t\000G\000r\000i\000p\000p\000e\000r}{subsection.5.2.3}% 47
\BOOKMARK [3][-]{subsubsection.5.2.3.8}{\376\377\0005\000.\0002\000.\0003\000.\0008\000\040\000d\000R\000i\000g\000h\000t\000G\000r\000i\000p\000p\000e\000r}{subsection.5.2.3}% 48
\BOOKMARK [3][-]{subsubsection.5.2.3.9}{\376\377\0005\000.\0002\000.\0003\000.\0009\000\040\000d\000W\000r\000i\000s\000t\000T\000i\000l\000t}{subsection.5.2.3}% 49
\BOOKMARK [3][-]{subsubsection.5.2.3.10}{\376\377\0005\000.\0002\000.\0003\000.\0001\0000\000\040\000d\000W\000r\000i\000s\000t\000T\000w\000i\000s\000t}{subsection.5.2.3}% 50
\BOOKMARK [3][-]{subsubsection.5.2.3.11}{\376\377\0005\000.\0002\000.\0003\000.\0001\0001\000\040\000E\000l\000b\000o\000w}{subsection.5.2.3}% 51
\BOOKMARK [3][-]{subsubsection.5.2.3.12}{\376\377\0005\000.\0002\000.\0003\000.\0001\0002\000\040\000G\000r\000i\000p\000p\000e\000r\000s}{subsection.5.2.3}% 52
\BOOKMARK [3][-]{subsubsection.5.2.3.13}{\376\377\0005\000.\0002\000.\0003\000.\0001\0003\000\040\000H\000o\000v\000e\000r}{subsection.5.2.3}% 53
\BOOKMARK [3][-]{subsubsection.5.2.3.14}{\376\377\0005\000.\0002\000.\0003\000.\0001\0004\000\040\000L\000e\000f\000t\000G\000r\000i\000p\000p\000e\000r}{subsection.5.2.3}% 54
\BOOKMARK [3][-]{subsubsection.5.2.3.15}{\376\377\0005\000.\0002\000.\0003\000.\0001\0005\000\040\000R\000i\000g\000h\000t\000G\000r\000i\000p\000p\000e\000r}{subsection.5.2.3}% 55
\BOOKMARK [3][-]{subsubsection.5.2.3.16}{\376\377\0005\000.\0002\000.\0003\000.\0001\0006\000\040\000W\000r\000i\000s\000t\000T\000i\000l\000t}{subsection.5.2.3}% 56
\BOOKMARK [3][-]{subsubsection.5.2.3.17}{\376\377\0005\000.\0002\000.\0003\000.\0001\0007\000\040\000W\000r\000i\000s\000t\000T\000w\000i\000s\000t}{subsection.5.2.3}% 57
\BOOKMARK [2][-]{subsection.5.2.4}{\376\377\0005\000.\0002\000.\0004\000\040\000M\000e\000m\000b\000e\000r\000\040\000D\000a\000t\000a\000\040\000D\000o\000c\000u\000m\000e\000n\000t\000a\000t\000i\000o\000n}{section.5.2}% 58
\BOOKMARK [3][-]{subsubsection.5.2.4.1}{\376\377\0005\000.\0002\000.\0004\000.\0001\000\040\000s\000e\000r\000v\000o\000P\000o\000s}{subsection.5.2.4}% 59
\BOOKMARK [1][-]{section.5.3}{\376\377\0005\000.\0003\000\040\000C\000h\000i\000p\000C\000h\000i\000p\000A\000r\000r\000a\000y\000:\000:\000B\000l\000o\000c\000k\000\040\000C\000l\000a\000s\000s\000\040\000R\000e\000f\000e\000r\000e\000n\000c\000e}{chapter.5}% 60
\BOOKMARK [2][-]{subsection.5.3.1}{\376\377\0005\000.\0003\000.\0001\000\040\000D\000e\000t\000a\000i\000l\000e\000d\000\040\000D\000e\000s\000c\000r\000i\000p\000t\000i\000o\000n}{section.5.3}% 61
\BOOKMARK [2][-]{subsection.5.3.2}{\376\377\0005\000.\0003\000.\0002\000\040\000C\000o\000n\000s\000t\000r\000u\000c\000t\000o\000r\000\040\000\046\000\040\000D\000e\000s\000t\000r\000u\000c\000t\000o\000r\000\040\000D\000o\000c\000u\000m\000e\000n\000t\000a\000t\000i\000o\000n}{section.5.3}% 62
\BOOKMARK [3][-]{subsubsection.5.3.2.1}{\376\377\0005\000.\0003\000.\0002\000.\0001\000\040\000B\000l\000o\000c\000k}{subsection.5.3.2}% 63
\BOOKMARK [2][-]{subsection.5.3.3}{\376\377\0005\000.\0003\000.\0003\000\040\000M\000e\000m\000b\000e\000r\000\040\000D\000a\000t\000a\000\040\000D\000o\000c\000u\000m\000e\000n\000t\000a\000t\000i\000o\000n}{section.5.3}% 64
\BOOKMARK [3][-]{subsubsection.5.3.3.1}{\376\377\0005\000.\0003\000.\0003\000.\0001\000\040\000a\000r\000e\000a}{subsection.5.3.3}% 65
\BOOKMARK [3][-]{subsubsection.5.3.3.2}{\376\377\0005\000.\0003\000.\0003\000.\0002\000\040\000b\000o\000t\000t\000o\000m\000L\000e\000f\000t}{subsection.5.3.3}% 66
\BOOKMARK [3][-]{subsubsection.5.3.3.3}{\376\377\0005\000.\0003\000.\0003\000.\0003\000\040\000b\000o\000t\000t\000o\000m\000R\000i\000g\000h\000t}{subsection.5.3.3}% 67
\BOOKMARK [3][-]{subsubsection.5.3.3.4}{\376\377\0005\000.\0003\000.\0003\000.\0004\000\040\000c\000o\000l\000o\000r}{subsection.5.3.3}% 68
\BOOKMARK [3][-]{subsubsection.5.3.3.5}{\376\377\0005\000.\0003\000.\0003\000.\0005\000\040\000d\000B\000o\000t\000t\000o\000m}{subsection.5.3.3}% 69
\BOOKMARK [3][-]{subsubsection.5.3.3.6}{\376\377\0005\000.\0003\000.\0003\000.\0006\000\040\000d\000L\000e\000f\000t}{subsection.5.3.3}% 70
\BOOKMARK [3][-]{subsubsection.5.3.3.7}{\376\377\0005\000.\0003\000.\0003\000.\0007\000\040\000d\000R\000i\000g\000h\000t}{subsection.5.3.3}% 71
\BOOKMARK [3][-]{subsubsection.5.3.3.8}{\376\377\0005\000.\0003\000.\0003\000.\0008\000\040\000d\000R\000i\000g\000h\000t\000L\000e\000f\000t}{subsection.5.3.3}% 72
\BOOKMARK [3][-]{subsubsection.5.3.3.9}{\376\377\0005\000.\0003\000.\0003\000.\0009\000\040\000d\000T\000o\000p}{subsection.5.3.3}% 73
\BOOKMARK [3][-]{subsubsection.5.3.3.10}{\376\377\0005\000.\0003\000.\0003\000.\0001\0000\000\040\000d\000T\000o\000p\000B\000o\000t\000t\000o\000m}{subsection.5.3.3}% 74
\BOOKMARK [3][-]{subsubsection.5.3.3.11}{\376\377\0005\000.\0003\000.\0003\000.\0001\0001\000\040\000h\000e\000i\000g\000h\000t}{subsection.5.3.3}% 75
\BOOKMARK [3][-]{subsubsection.5.3.3.12}{\376\377\0005\000.\0003\000.\0003\000.\0001\0002\000\040\000o\000f\000f\000s\000e\000t}{subsection.5.3.3}% 76
\BOOKMARK [3][-]{subsubsection.5.3.3.13}{\376\377\0005\000.\0003\000.\0003\000.\0001\0003\000\040\000s\000i\000z\000e}{subsection.5.3.3}% 77
\BOOKMARK [3][-]{subsubsection.5.3.3.14}{\376\377\0005\000.\0003\000.\0003\000.\0001\0004\000\040\000t\000o\000p\000L\000e\000f\000t}{subsection.5.3.3}% 78
\BOOKMARK [3][-]{subsubsection.5.3.3.15}{\376\377\0005\000.\0003\000.\0003\000.\0001\0005\000\040\000t\000o\000p\000R\000i\000g\000h\000t}{subsection.5.3.3}% 79
\BOOKMARK [3][-]{subsubsection.5.3.3.16}{\376\377\0005\000.\0003\000.\0003\000.\0001\0006\000\040\000w\000i\000d\000t\000h}{subsection.5.3.3}% 80
\BOOKMARK [1][-]{section.5.4}{\376\377\0005\000.\0004\000\040\000C\000h\000i\000p\000C\000h\000i\000p\000A\000r\000r\000a\000y\000:\000:\000L\000o\000g\000\040\000C\000l\000a\000s\000s\000\040\000R\000e\000f\000e\000r\000e\000n\000c\000e}{chapter.5}% 81
\BOOKMARK [2][-]{subsection.5.4.1}{\376\377\0005\000.\0004\000.\0001\000\040\000D\000e\000t\000a\000i\000l\000e\000d\000\040\000D\000e\000s\000c\000r\000i\000p\000t\000i\000o\000n}{section.5.4}% 82
\BOOKMARK [2][-]{subsection.5.4.2}{\376\377\0005\000.\0004\000.\0002\000\040\000C\000o\000n\000s\000t\000r\000u\000c\000t\000o\000r\000\040\000\046\000\040\000D\000e\000s\000t\000r\000u\000c\000t\000o\000r\000\040\000D\000o\000c\000u\000m\000e\000n\000t\000a\000t\000i\000o\000n}{section.5.4}% 83
\BOOKMARK [3][-]{subsubsection.5.4.2.1}{\376\377\0005\000.\0004\000.\0002\000.\0001\000\040\000L\000o\000g}{subsection.5.4.2}% 84
\BOOKMARK [3][-]{subsubsection.5.4.2.2}{\376\377\0005\000.\0004\000.\0002\000.\0002\000\040\000L\000o\000g}{subsection.5.4.2}% 85
\BOOKMARK [3][-]{subsubsection.5.4.2.3}{\376\377\0005\000.\0004\000.\0002\000.\0003\000\040\000L\000o\000g}{subsection.5.4.2}% 86
\BOOKMARK [2][-]{subsection.5.4.3}{\376\377\0005\000.\0004\000.\0003\000\040\000M\000e\000m\000b\000e\000r\000\040\000F\000u\000n\000c\000t\000i\000o\000n\000\040\000D\000o\000c\000u\000m\000e\000n\000t\000a\000t\000i\000o\000n}{section.5.4}% 87
\BOOKMARK [3][-]{subsubsection.5.4.3.1}{\376\377\0005\000.\0004\000.\0003\000.\0001\000\040\000D\000e\000b\000u\000g}{subsection.5.4.3}% 88
\BOOKMARK [3][-]{subsubsection.5.4.3.2}{\376\377\0005\000.\0004\000.\0003\000.\0002\000\040\000E\000r\000r\000o\000r}{subsection.5.4.3}% 89
\BOOKMARK [3][-]{subsubsection.5.4.3.3}{\376\377\0005\000.\0004\000.\0003\000.\0003\000\040\000I\000m\000a\000g\000e}{subsection.5.4.3}% 90
\BOOKMARK [3][-]{subsubsection.5.4.3.4}{\376\377\0005\000.\0004\000.\0003\000.\0004\000\040\000O\000p\000e\000n}{subsection.5.4.3}% 91
\BOOKMARK [3][-]{subsubsection.5.4.3.5}{\376\377\0005\000.\0004\000.\0003\000.\0005\000\040\000S\000t\000a\000t\000u\000s}{subsection.5.4.3}% 92
\BOOKMARK [3][-]{subsubsection.5.4.3.6}{\376\377\0005\000.\0004\000.\0003\000.\0006\000\040\000V\000a\000r\000i\000a\000b\000l\000e}{subsection.5.4.3}% 93
\BOOKMARK [3][-]{subsubsection.5.4.3.7}{\376\377\0005\000.\0004\000.\0003\000.\0007\000\040\000V\000e\000r\000b\000o\000s\000e}{subsection.5.4.3}% 94
\BOOKMARK [1][-]{section.5.5}{\376\377\0005\000.\0005\000\040\000C\000h\000i\000p\000C\000h\000i\000p\000A\000r\000r\000a\000y\000:\000:\000P\000i\000C\000a\000m\000e\000r\000a\000\040\000C\000l\000a\000s\000s\000\040\000R\000e\000f\000e\000r\000e\000n\000c\000e}{chapter.5}% 95
\BOOKMARK [2][-]{subsection.5.5.1}{\376\377\0005\000.\0005\000.\0001\000\040\000D\000e\000t\000a\000i\000l\000e\000d\000\040\000D\000e\000s\000c\000r\000i\000p\000t\000i\000o\000n}{section.5.5}% 96
\BOOKMARK [2][-]{subsection.5.5.2}{\376\377\0005\000.\0005\000.\0002\000\040\000C\000o\000n\000s\000t\000r\000u\000c\000t\000o\000r\000\040\000\046\000\040\000D\000e\000s\000t\000r\000u\000c\000t\000o\000r\000\040\000D\000o\000c\000u\000m\000e\000n\000t\000a\000t\000i\000o\000n}{section.5.5}% 97
\BOOKMARK [3][-]{subsubsection.5.5.2.1}{\376\377\0005\000.\0005\000.\0002\000.\0001\000\040\000P\000i\000C\000a\000m\000e\000r\000a}{subsection.5.5.2}% 98
\BOOKMARK [3][-]{subsubsection.5.5.2.2}{\376\377\0005\000.\0005\000.\0002\000.\0002\000\040\000P\000i\000C\000a\000m\000e\000r\000a}{subsection.5.5.2}% 99
\BOOKMARK [2][-]{subsection.5.5.3}{\376\377\0005\000.\0005\000.\0003\000\040\000M\000e\000m\000b\000e\000r\000\040\000F\000u\000n\000c\000t\000i\000o\000n\000\040\000D\000o\000c\000u\000m\000e\000n\000t\000a\000t\000i\000o\000n}{section.5.5}% 100
\BOOKMARK [3][-]{subsubsection.5.5.3.1}{\376\377\0005\000.\0005\000.\0003\000.\0001\000\040\000C\000l\000o\000s\000e}{subsection.5.5.3}% 101
\BOOKMARK [3][-]{subsubsection.5.5.3.2}{\376\377\0005\000.\0005\000.\0003\000.\0002\000\040\000S\000n\000a\000p}{subsection.5.5.3}% 102
\BOOKMARK [0][-]{chapter.6}{\376\377\0006\000\040\000F\000i\000l\000e\000\040\000D\000o\000c\000u\000m\000e\000n\000t\000a\000t\000i\000o\000n}{}% 103
\BOOKMARK [1][-]{section.6.1}{\376\377\0006\000.\0001\000\040\000e\000t\000c\000/\000d\000o\000x\000y\000g\000e\000n\000.\000c\000o\000n\000f\000i\000g\000\040\000F\000i\000l\000e\000\040\000R\000e\000f\000e\000r\000e\000n\000c\000e}{chapter.6}% 104
\BOOKMARK [1][-]{section.6.2}{\376\377\0006\000.\0002\000\040\000m\000a\000k\000e\000f\000i\000l\000e\000\040\000F\000i\000l\000e\000\040\000R\000e\000f\000e\000r\000e\000n\000c\000e}{chapter.6}% 105
\BOOKMARK [1][-]{section.6.3}{\376\377\0006\000.\0003\000\040\000s\000r\000c\000/\000A\000d\000a\000f\000r\000u\000i\000t\000\137\000P\000W\000M\000S\000e\000r\000v\000o\000D\000r\000i\000v\000e\000r\000.\000c\000p\000p\000\040\000F\000i\000l\000e\000\040\000R\000e\000f\000e\000r\000e\000n\000c\000e}{chapter.6}% 106
\BOOKMARK [2][-]{subsection.6.3.1}{\376\377\0006\000.\0003\000.\0001\000\040\000M\000a\000c\000r\000o\000\040\000D\000e\000f\000i\000n\000i\000t\000i\000o\000n\000\040\000D\000o\000c\000u\000m\000e\000n\000t\000a\000t\000i\000o\000n}{section.6.3}% 107
\BOOKMARK [3][-]{subsubsection.6.3.1.1}{\376\377\0006\000.\0003\000.\0001\000.\0001\000\040\000E\000N\000A\000B\000L\000E\000\137\000D\000E\000B\000U\000G\000\137\000O\000U\000T\000P\000U\000T}{subsection.6.3.1}% 108
\BOOKMARK [1][-]{section.6.4}{\376\377\0006\000.\0004\000\040\000s\000r\000c\000/\000A\000d\000a\000f\000r\000u\000i\000t\000\137\000P\000W\000M\000S\000e\000r\000v\000o\000D\000r\000i\000v\000e\000r\000.\000h\000\040\000F\000i\000l\000e\000\040\000R\000e\000f\000e\000r\000e\000n\000c\000e}{chapter.6}% 109
\BOOKMARK [2][-]{subsection.6.4.1}{\376\377\0006\000.\0004\000.\0001\000\040\000M\000a\000c\000r\000o\000\040\000D\000e\000f\000i\000n\000i\000t\000i\000o\000n\000\040\000D\000o\000c\000u\000m\000e\000n\000t\000a\000t\000i\000o\000n}{section.6.4}% 110
\BOOKMARK [3][-]{subsubsection.6.4.1.1}{\376\377\0006\000.\0004\000.\0001\000.\0001\000\040\000A\000L\000L\000L\000E\000D\000\137\000O\000F\000F\000\137\000H}{subsection.6.4.1}% 111
\BOOKMARK [3][-]{subsubsection.6.4.1.2}{\376\377\0006\000.\0004\000.\0001\000.\0002\000\040\000A\000L\000L\000L\000E\000D\000\137\000O\000F\000F\000\137\000L}{subsection.6.4.1}% 112
\BOOKMARK [3][-]{subsubsection.6.4.1.3}{\376\377\0006\000.\0004\000.\0001\000.\0003\000\040\000A\000L\000L\000L\000E\000D\000\137\000O\000N\000\137\000H}{subsection.6.4.1}% 113
\BOOKMARK [3][-]{subsubsection.6.4.1.4}{\376\377\0006\000.\0004\000.\0001\000.\0004\000\040\000A\000L\000L\000L\000E\000D\000\137\000O\000N\000\137\000L}{subsection.6.4.1}% 114
\BOOKMARK [3][-]{subsubsection.6.4.1.5}{\376\377\0006\000.\0004\000.\0001\000.\0005\000\040\000L\000E\000D\0000\000\137\000O\000F\000F\000\137\000H}{subsection.6.4.1}% 115
\BOOKMARK [3][-]{subsubsection.6.4.1.6}{\376\377\0006\000.\0004\000.\0001\000.\0006\000\040\000L\000E\000D\0000\000\137\000O\000F\000F\000\137\000L}{subsection.6.4.1}% 116
\BOOKMARK [3][-]{subsubsection.6.4.1.7}{\376\377\0006\000.\0004\000.\0001\000.\0007\000\040\000L\000E\000D\0000\000\137\000O\000N\000\137\000H}{subsection.6.4.1}% 117
\BOOKMARK [3][-]{subsubsection.6.4.1.8}{\376\377\0006\000.\0004\000.\0001\000.\0008\000\040\000L\000E\000D\0000\000\137\000O\000N\000\137\000L}{subsection.6.4.1}% 118
\BOOKMARK [3][-]{subsubsection.6.4.1.9}{\376\377\0006\000.\0004\000.\0001\000.\0009\000\040\000P\000C\000A\0009\0006\0008\0005\000\137\000M\000O\000D\000E\0001}{subsection.6.4.1}% 119
\BOOKMARK [3][-]{subsubsection.6.4.1.10}{\376\377\0006\000.\0004\000.\0001\000.\0001\0000\000\040\000P\000C\000A\0009\0006\0008\0005\000\137\000P\000R\000E\000S\000C\000A\000L\000E}{subsection.6.4.1}% 120
\BOOKMARK [3][-]{subsubsection.6.4.1.11}{\376\377\0006\000.\0004\000.\0001\000.\0001\0001\000\040\000P\000C\000A\0009\0006\0008\0005\000\137\000S\000U\000B\000A\000D\000R\0001}{subsection.6.4.1}% 121
\BOOKMARK [3][-]{subsubsection.6.4.1.12}{\376\377\0006\000.\0004\000.\0001\000.\0001\0002\000\040\000P\000C\000A\0009\0006\0008\0005\000\137\000S\000U\000B\000A\000D\000R\0002}{subsection.6.4.1}% 122
\BOOKMARK [3][-]{subsubsection.6.4.1.13}{\376\377\0006\000.\0004\000.\0001\000.\0001\0003\000\040\000P\000C\000A\0009\0006\0008\0005\000\137\000S\000U\000B\000A\000D\000R\0003}{subsection.6.4.1}% 123
\BOOKMARK [3][-]{subsubsection.6.4.1.14}{\376\377\0006\000.\0004\000.\0001\000.\0001\0004\000\040\000u\000i\000n\000t\0001\0006\000\137\000t}{subsection.6.4.1}% 124
\BOOKMARK [3][-]{subsubsection.6.4.1.15}{\376\377\0006\000.\0004\000.\0001\000.\0001\0005\000\040\000u\000i\000n\000t\0008\000\137\000t}{subsection.6.4.1}% 125
\BOOKMARK [1][-]{section.6.5}{\376\377\0006\000.\0005\000\040\000s\000r\000c\000/\000A\000r\000m\000.\000h\000p\000p\000\040\000F\000i\000l\000e\000\040\000R\000e\000f\000e\000r\000e\000n\000c\000e}{chapter.6}% 126
\BOOKMARK [2][-]{subsection.6.5.1}{\376\377\0006\000.\0005\000.\0001\000\040\000D\000e\000t\000a\000i\000l\000e\000d\000\040\000D\000e\000s\000c\000r\000i\000p\000t\000i\000o\000n}{section.6.5}% 127
\BOOKMARK [1][-]{section.6.6}{\376\377\0006\000.\0006\000\040\000s\000r\000c\000/\000B\000l\000o\000c\000k\000.\000h\000p\000p\000\040\000F\000i\000l\000e\000\040\000R\000e\000f\000e\000r\000e\000n\000c\000e}{chapter.6}% 128
\BOOKMARK [1][-]{section.6.7}{\376\377\0006\000.\0007\000\040\000s\000r\000c\000/\000c\000v\000\137\000h\000u\000e\000.\000c\000p\000p\000\040\000F\000i\000l\000e\000\040\000R\000e\000f\000e\000r\000e\000n\000c\000e}{chapter.6}% 129
\BOOKMARK [1][-]{section.6.8}{\376\377\0006\000.\0008\000\040\000s\000r\000c\000/\000c\000v\000\137\000s\000h\000a\000p\000e\000.\000c\000p\000p\000\040\000F\000i\000l\000e\000\040\000R\000e\000f\000e\000r\000e\000n\000c\000e}{chapter.6}% 130
\BOOKMARK [2][-]{subsection.6.8.1}{\376\377\0006\000.\0008\000.\0001\000\040\000F\000u\000n\000c\000t\000i\000o\000n\000\040\000D\000o\000c\000u\000m\000e\000n\000t\000a\000t\000i\000o\000n}{section.6.8}% 131
\BOOKMARK [3][-]{subsubsection.6.8.1.1}{\376\377\0006\000.\0008\000.\0001\000.\0001\000\040\000m\000a\000i\000n}{subsection.6.8.1}% 132
\BOOKMARK [1][-]{section.6.9}{\376\377\0006\000.\0009\000\040\000s\000r\000c\000/\000c\000v\000\137\000t\000e\000s\000t\000.\000c\000p\000p\000\040\000F\000i\000l\000e\000\040\000R\000e\000f\000e\000r\000e\000n\000c\000e}{chapter.6}% 133
\BOOKMARK [2][-]{subsection.6.9.1}{\376\377\0006\000.\0009\000.\0001\000\040\000F\000u\000n\000c\000t\000i\000o\000n\000\040\000D\000o\000c\000u\000m\000e\000n\000t\000a\000t\000i\000o\000n}{section.6.9}% 134
\BOOKMARK [3][-]{subsubsection.6.9.1.1}{\376\377\0006\000.\0009\000.\0001\000.\0001\000\040\000m\000a\000i\000n}{subsection.6.9.1}% 135
\BOOKMARK [1][-]{section.6.10}{\376\377\0006\000.\0001\0000\000\040\000s\000r\000c\000/\000d\000e\000f\000i\000n\000i\000t\000i\000o\000n\000s\000.\000h\000p\000p\000\040\000F\000i\000l\000e\000\040\000R\000e\000f\000e\000r\000e\000n\000c\000e}{chapter.6}% 136
\BOOKMARK [2][-]{subsection.6.10.1}{\376\377\0006\000.\0001\0000\000.\0001\000\040\000M\000a\000c\000r\000o\000\040\000D\000e\000f\000i\000n\000i\000t\000i\000o\000n\000\040\000D\000o\000c\000u\000m\000e\000n\000t\000a\000t\000i\000o\000n}{section.6.10}% 137
\BOOKMARK [3][-]{subsubsection.6.10.1.1}{\376\377\0006\000.\0001\0000\000.\0001\000.\0001\000\040\000E\000N\000U\000M}{subsection.6.10.1}% 138
\BOOKMARK [3][-]{subsubsection.6.10.1.2}{\376\377\0006\000.\0001\0000\000.\0001\000.\0002\000\040\000E\000R\000R\000O\000R}{subsection.6.10.1}% 139
\BOOKMARK [2][-]{subsection.6.10.2}{\376\377\0006\000.\0001\0000\000.\0002\000\040\000T\000y\000p\000e\000d\000e\000f\000\040\000D\000o\000c\000u\000m\000e\000n\000t\000a\000t\000i\000o\000n}{section.6.10}% 140
\BOOKMARK [3][-]{subsubsection.6.10.2.1}{\376\377\0006\000.\0001\0000\000.\0002\000.\0001\000\040\000b\000y\000t\000e}{subsection.6.10.2}% 141
\BOOKMARK [3][-]{subsubsection.6.10.2.2}{\376\377\0006\000.\0001\0000\000.\0002\000.\0002\000\040\000f\000l\000o\000a\000t\0003\0002}{subsection.6.10.2}% 142
\BOOKMARK [3][-]{subsubsection.6.10.2.3}{\376\377\0006\000.\0001\0000\000.\0002\000.\0003\000\040\000f\000l\000o\000a\000t\0006\0004}{subsection.6.10.2}% 143
\BOOKMARK [3][-]{subsubsection.6.10.2.4}{\376\377\0006\000.\0001\0000\000.\0002\000.\0004\000\040\000s\000i\000n\000t\0001\0006}{subsection.6.10.2}% 144
\BOOKMARK [3][-]{subsubsection.6.10.2.5}{\376\377\0006\000.\0001\0000\000.\0002\000.\0005\000\040\000s\000i\000n\000t\0003\0002}{subsection.6.10.2}% 145
\BOOKMARK [3][-]{subsubsection.6.10.2.6}{\376\377\0006\000.\0001\0000\000.\0002\000.\0006\000\040\000s\000i\000n\000t\0006\0004}{subsection.6.10.2}% 146
\BOOKMARK [3][-]{subsubsection.6.10.2.7}{\376\377\0006\000.\0001\0000\000.\0002\000.\0007\000\040\000s\000i\000n\000t\0008}{subsection.6.10.2}% 147
\BOOKMARK [3][-]{subsubsection.6.10.2.8}{\376\377\0006\000.\0001\0000\000.\0002\000.\0008\000\040\000u\000i\000n\000t\0001\0006}{subsection.6.10.2}% 148
\BOOKMARK [3][-]{subsubsection.6.10.2.9}{\376\377\0006\000.\0001\0000\000.\0002\000.\0009\000\040\000u\000i\000n\000t\0003\0002}{subsection.6.10.2}% 149
\BOOKMARK [3][-]{subsubsection.6.10.2.10}{\376\377\0006\000.\0001\0000\000.\0002\000.\0001\0000\000\040\000u\000i\000n\000t\0006\0004}{subsection.6.10.2}% 150
\BOOKMARK [3][-]{subsubsection.6.10.2.11}{\376\377\0006\000.\0001\0000\000.\0002\000.\0001\0001\000\040\000u\000i\000n\000t\0008}{subsection.6.10.2}% 151
\BOOKMARK [2][-]{subsection.6.10.3}{\376\377\0006\000.\0001\0000\000.\0003\000\040\000E\000n\000u\000m\000e\000r\000a\000t\000i\000o\000n\000\040\000T\000y\000p\000e\000\040\000D\000o\000c\000u\000m\000e\000n\000t\000a\000t\000i\000o\000n}{section.6.10}% 152
\BOOKMARK [3][-]{subsubsection.6.10.3.1}{\376\377\0006\000.\0001\0000\000.\0003\000.\0001\000\040\000B\000l\000o\000c\000k\000P\000o\000s\000i\000t\000i\000o\000n}{subsection.6.10.3}% 153
\BOOKMARK [3][-]{subsubsection.6.10.3.2}{\376\377\0006\000.\0001\0000\000.\0003\000.\0002\000\040\000C\000o\000l\000o\000r}{subsection.6.10.3}% 154
\BOOKMARK [3][-]{subsubsection.6.10.3.3}{\376\377\0006\000.\0001\0000\000.\0003\000.\0003\000\040\000L\000o\000g\000M\000o\000d\000e}{subsection.6.10.3}% 155
\BOOKMARK [3][-]{subsubsection.6.10.3.4}{\376\377\0006\000.\0001\0000\000.\0003\000.\0004\000\040\000R\000e\000s\000u\000l\000t}{subsection.6.10.3}% 156
\BOOKMARK [3][-]{subsubsection.6.10.3.5}{\376\377\0006\000.\0001\0000\000.\0003\000.\0005\000\040\000S\000i\000d\000e}{subsection.6.10.3}% 157
\BOOKMARK [3][-]{subsubsection.6.10.3.6}{\376\377\0006\000.\0001\0000\000.\0003\000.\0006\000\040\000S\000i\000z\000e}{subsection.6.10.3}% 158
\BOOKMARK [3][-]{subsubsection.6.10.3.7}{\376\377\0006\000.\0001\0000\000.\0003\000.\0007\000\040\000Z\000o\000n\000e}{subsection.6.10.3}% 159
\BOOKMARK [1][-]{section.6.11}{\376\377\0006\000.\0001\0001\000\040\000s\000r\000c\000/\000G\000r\000a\000b\000b\000e\000r\000.\000h\000p\000p\000\040\000F\000i\000l\000e\000\040\000R\000e\000f\000e\000r\000e\000n\000c\000e}{chapter.6}% 160
\BOOKMARK [1][-]{section.6.12}{\376\377\0006\000.\0001\0002\000\040\000s\000r\000c\000/\000j\000a\000c\000o\000b\000\137\000a\000l\000g\000\137\000t\000e\000s\000t\000.\000c\000p\000p\000\040\000F\000i\000l\000e\000\040\000R\000e\000f\000e\000r\000e\000n\000c\000e}{chapter.6}% 161
\BOOKMARK [2][-]{subsection.6.12.1}{\376\377\0006\000.\0001\0002\000.\0001\000\040\000F\000u\000n\000c\000t\000i\000o\000n\000\040\000D\000o\000c\000u\000m\000e\000n\000t\000a\000t\000i\000o\000n}{section.6.12}% 162
\BOOKMARK [3][-]{subsubsection.6.12.1.1}{\376\377\0006\000.\0001\0002\000.\0001\000.\0001\000\040\000m\000a\000i\000n}{subsection.6.12.1}% 163
\BOOKMARK [1][-]{section.6.13}{\376\377\0006\000.\0001\0003\000\040\000s\000r\000c\000/\000l\000o\000a\000d\000i\000n\000g\000\137\000t\000e\000s\000t\000.\000c\000p\000p\000\040\000F\000i\000l\000e\000\040\000R\000e\000f\000e\000r\000e\000n\000c\000e}{chapter.6}% 164
\BOOKMARK [2][-]{subsection.6.13.1}{\376\377\0006\000.\0001\0003\000.\0001\000\040\000F\000u\000n\000c\000t\000i\000o\000n\000\040\000D\000o\000c\000u\000m\000e\000n\000t\000a\000t\000i\000o\000n}{section.6.13}% 165
\BOOKMARK [3][-]{subsubsection.6.13.1.1}{\376\377\0006\000.\0001\0003\000.\0001\000.\0001\000\040\000m\000a\000i\000n}{subsection.6.13.1}% 166
\BOOKMARK [1][-]{section.6.14}{\376\377\0006\000.\0001\0004\000\040\000s\000r\000c\000/\000L\000o\000g\000.\000h\000p\000p\000\040\000F\000i\000l\000e\000\040\000R\000e\000f\000e\000r\000e\000n\000c\000e}{chapter.6}% 167
\BOOKMARK [1][-]{section.6.15}{\376\377\0006\000.\0001\0005\000\040\000s\000r\000c\000/\000l\000o\000g\000\137\000t\000e\000s\000t\000.\000c\000p\000p\000\040\000F\000i\000l\000e\000\040\000R\000e\000f\000e\000r\000e\000n\000c\000e}{chapter.6}% 168
\BOOKMARK [2][-]{subsection.6.15.1}{\376\377\0006\000.\0001\0005\000.\0001\000\040\000F\000u\000n\000c\000t\000i\000o\000n\000\040\000D\000o\000c\000u\000m\000e\000n\000t\000a\000t\000i\000o\000n}{section.6.15}% 169
\BOOKMARK [3][-]{subsubsection.6.15.1.1}{\376\377\0006\000.\0001\0005\000.\0001\000.\0001\000\040\000m\000a\000i\000n}{subsection.6.15.1}% 170
\BOOKMARK [1][-]{section.6.16}{\376\377\0006\000.\0001\0006\000\040\000s\000r\000c\000/\000m\000a\000i\000n\000.\000c\000p\000p\000\040\000F\000i\000l\000e\000\040\000R\000e\000f\000e\000r\000e\000n\000c\000e}{chapter.6}% 171
\BOOKMARK [2][-]{subsection.6.16.1}{\376\377\0006\000.\0001\0006\000.\0001\000\040\000F\000u\000n\000c\000t\000i\000o\000n\000\040\000D\000o\000c\000u\000m\000e\000n\000t\000a\000t\000i\000o\000n}{section.6.16}% 172
\BOOKMARK [3][-]{subsubsection.6.16.1.1}{\376\377\0006\000.\0001\0006\000.\0001\000.\0001\000\040\000m\000a\000i\000n}{subsection.6.16.1}% 173
\BOOKMARK [1][-]{section.6.17}{\376\377\0006\000.\0001\0007\000\040\000s\000r\000c\000/\000n\000e\000t\000\137\000q\000r\000\137\000t\000e\000s\000t\000.\000c\000p\000p\000\040\000F\000i\000l\000e\000\040\000R\000e\000f\000e\000r\000e\000n\000c\000e}{chapter.6}% 174
\BOOKMARK [2][-]{subsection.6.17.1}{\376\377\0006\000.\0001\0007\000.\0001\000\040\000F\000u\000n\000c\000t\000i\000o\000n\000\040\000D\000o\000c\000u\000m\000e\000n\000t\000a\000t\000i\000o\000n}{section.6.17}% 175
\BOOKMARK [3][-]{subsubsection.6.17.1.1}{\376\377\0006\000.\0001\0007\000.\0001\000.\0001\000\040\000m\000a\000i\000n}{subsection.6.17.1}% 176
\BOOKMARK [1][-]{section.6.18}{\376\377\0006\000.\0001\0008\000\040\000s\000r\000c\000/\000o\000l\000d\000\137\000c\000v\000\137\000t\000e\000s\000t\000.\000c\000p\000p\000\040\000F\000i\000l\000e\000\040\000R\000e\000f\000e\000r\000e\000n\000c\000e}{chapter.6}% 177
\BOOKMARK [2][-]{subsection.6.18.1}{\376\377\0006\000.\0001\0008\000.\0001\000\040\000F\000u\000n\000c\000t\000i\000o\000n\000\040\000D\000o\000c\000u\000m\000e\000n\000t\000a\000t\000i\000o\000n}{section.6.18}% 178
\BOOKMARK [3][-]{subsubsection.6.18.1.1}{\376\377\0006\000.\0001\0008\000.\0001\000.\0001\000\040\000m\000a\000i\000n}{subsection.6.18.1}% 179
\BOOKMARK [1][-]{section.6.19}{\376\377\0006\000.\0001\0009\000\040\000s\000r\000c\000/\000P\000i\000C\000a\000m\000e\000r\000a\000.\000h\000p\000p\000\040\000F\000i\000l\000e\000\040\000R\000e\000f\000e\000r\000e\000n\000c\000e}{chapter.6}% 180
\BOOKMARK [1][-]{section.6.20}{\376\377\0006\000.\0002\0000\000\040\000s\000r\000c\000/\000q\000r\000\137\000t\000e\000s\000t\000.\000c\000p\000p\000\040\000F\000i\000l\000e\000\040\000R\000e\000f\000e\000r\000e\000n\000c\000e}{chapter.6}% 181
\BOOKMARK [2][-]{subsection.6.20.1}{\376\377\0006\000.\0002\0000\000.\0001\000\040\000F\000u\000n\000c\000t\000i\000o\000n\000\040\000D\000o\000c\000u\000m\000e\000n\000t\000a\000t\000i\000o\000n}{section.6.20}% 182
\BOOKMARK [3][-]{subsubsection.6.20.1.1}{\376\377\0006\000.\0002\0000\000.\0001\000.\0001\000\040\000m\000a\000i\000n}{subsection.6.20.1}% 183
\BOOKMARK [1][-]{section.6.21}{\376\377\0006\000.\0002\0001\000\040\000s\000r\000c\000/\000S\000c\000a\000n\000Q\000R\000.\000h\000p\000p\000\040\000F\000i\000l\000e\000\040\000R\000e\000f\000e\000r\000e\000n\000c\000e}{chapter.6}% 184
\BOOKMARK [1][-]{section.6.22}{\376\377\0006\000.\0002\0002\000\040\000s\000r\000c\000/\000S\000e\000r\000v\000o\000\137\000P\000o\000s\000i\000t\000i\000o\000n\000\137\000S\000h\000e\000l\000l\000.\000c\000p\000p\000\040\000F\000i\000l\000e\000\040\000R\000e\000f\000e\000r\000e\000n\000c\000e}{chapter.6}% 185
\BOOKMARK [2][-]{subsection.6.22.1}{\376\377\0006\000.\0002\0002\000.\0001\000\040\000M\000a\000c\000r\000o\000\040\000D\000e\000f\000i\000n\000i\000t\000i\000o\000n\000\040\000D\000o\000c\000u\000m\000e\000n\000t\000a\000t\000i\000o\000n}{section.6.22}% 186
\BOOKMARK [3][-]{subsubsection.6.22.1.1}{\376\377\0006\000.\0002\0002\000.\0001\000.\0001\000\040\000S\000E\000R\000V\000O\000M\000A\000X}{subsection.6.22.1}% 187
\BOOKMARK [3][-]{subsubsection.6.22.1.2}{\376\377\0006\000.\0002\0002\000.\0001\000.\0002\000\040\000S\000E\000R\000V\000O\000M\000I\000N}{subsection.6.22.1}% 188
\BOOKMARK [2][-]{subsection.6.22.2}{\376\377\0006\000.\0002\0002\000.\0002\000\040\000F\000u\000n\000c\000t\000i\000o\000n\000\040\000D\000o\000c\000u\000m\000e\000n\000t\000a\000t\000i\000o\000n}{section.6.22}% 189
\BOOKMARK [3][-]{subsubsection.6.22.2.1}{\376\377\0006\000.\0002\0002\000.\0002\000.\0001\000\040\000s\000e\000t\000S\000e\000r\000v\000o\000P\000o\000s\000i\000t\000i\000o\000n}{subsection.6.22.2}% 190
\BOOKMARK [3][-]{subsubsection.6.22.2.2}{\376\377\0006\000.\0002\0002\000.\0002\000.\0002\000\040\000s\000e\000t\000S\000e\000r\000v\000o\000P\000u\000l\000s\000e}{subsection.6.22.2}% 191
\BOOKMARK [3][-]{subsubsection.6.22.2.3}{\376\377\0006\000.\0002\0002\000.\0002\000.\0003\000\040\000s\000e\000t\000u\000p}{subsection.6.22.2}% 192
\BOOKMARK [2][-]{subsection.6.22.3}{\376\377\0006\000.\0002\0002\000.\0003\000\040\000V\000a\000r\000i\000a\000b\000l\000e\000\040\000D\000o\000c\000u\000m\000e\000n\000t\000a\000t\000i\000o\000n}{section.6.22}% 193
\BOOKMARK [3][-]{subsubsection.6.22.3.1}{\376\377\0006\000.\0002\0002\000.\0003\000.\0001\000\040\000p\000w\000m}{subsection.6.22.3}% 194
\BOOKMARK [3][-]{subsubsection.6.22.3.2}{\376\377\0006\000.\0002\0002\000.\0003\000.\0002\000\040\000s\000e\000r\000v\000o\000\137\000n\000u\000m}{subsection.6.22.3}% 195
\BOOKMARK [1][-]{section.6.23}{\376\377\0006\000.\0002\0003\000\040\000s\000r\000c\000/\000S\000e\000r\000v\000o\000\137\000P\000o\000s\000i\000t\000i\000o\000n\000\137\000S\000h\000e\000l\000l\000.\000h\000\040\000F\000i\000l\000e\000\040\000R\000e\000f\000e\000r\000e\000n\000c\000e}{chapter.6}% 196
\BOOKMARK [2][-]{subsection.6.23.1}{\376\377\0006\000.\0002\0003\000.\0001\000\040\000M\000a\000c\000r\000o\000\040\000D\000e\000f\000i\000n\000i\000t\000i\000o\000n\000\040\000D\000o\000c\000u\000m\000e\000n\000t\000a\000t\000i\000o\000n}{section.6.23}% 197
\BOOKMARK [3][-]{subsubsection.6.23.1.1}{\376\377\0006\000.\0002\0003\000.\0001\000.\0001\000\040\000u\000i\000n\000t\0008\000\137\000t}{subsection.6.23.1}% 198
\BOOKMARK [2][-]{subsection.6.23.2}{\376\377\0006\000.\0002\0003\000.\0002\000\040\000E\000n\000u\000m\000e\000r\000a\000t\000i\000o\000n\000\040\000T\000y\000p\000e\000\040\000D\000o\000c\000u\000m\000e\000n\000t\000a\000t\000i\000o\000n}{section.6.23}% 199
\BOOKMARK [3][-]{subsubsection.6.23.2.1}{\376\377\0006\000.\0002\0003\000.\0002\000.\0001\000\040\000S\000e\000r\000v\000o}{subsection.6.23.2}% 200
\BOOKMARK [2][-]{subsection.6.23.3}{\376\377\0006\000.\0002\0003\000.\0003\000\040\000F\000u\000n\000c\000t\000i\000o\000n\000\040\000D\000o\000c\000u\000m\000e\000n\000t\000a\000t\000i\000o\000n}{section.6.23}% 201
\BOOKMARK [3][-]{subsubsection.6.23.3.1}{\376\377\0006\000.\0002\0003\000.\0003\000.\0001\000\040\000s\000e\000t\000S\000e\000r\000v\000o\000P\000o\000s\000i\000t\000i\000o\000n}{subsection.6.23.3}% 202
\BOOKMARK [3][-]{subsubsection.6.23.3.2}{\376\377\0006\000.\0002\0003\000.\0003\000.\0002\000\040\000s\000e\000t\000S\000e\000r\000v\000o\000P\000u\000l\000s\000e}{subsection.6.23.3}% 203
\BOOKMARK [3][-]{subsubsection.6.23.3.3}{\376\377\0006\000.\0002\0003\000.\0003\000.\0003\000\040\000s\000e\000t\000u\000p}{subsection.6.23.3}% 204
\BOOKMARK [0][-]{section*.50}{\376\377\000I\000n\000d\000e\000x}{}% 205
